{"/Users/donghyun/Desktop/MultiSigWallet/dapp/abi/MultiSigWalletFactoryABI.js": {"path":"/Users/donghyun/Desktop/MultiSigWallet/dapp/abi/MultiSigWalletFactoryABI.js","statementMap":{"0":{"start":{"line":1,"column":12},"end":{"line":34,"column":1}},"1":{"start":{"line":36,"column":0},"end":{"line":36,"column":21}}},"fnMap":{},"branchMap":{},"s":{"0":1,"1":1},"f":{},"b":{},"_coverageSchema":"1a1c01bbd47fc00a2c39e90264f33305004495a9","hash":"676536817ce8b854b5ceb6304d6564a43a86c993"}
,"/Users/donghyun/Desktop/MultiSigWallet/dapp/controllers/wallet.js": {"path":"/Users/donghyun/Desktop/MultiSigWallet/dapp/controllers/wallet.js","statementMap":{"0":{"start":{"line":1,"column":13},"end":{"line":1,"column":28}},"1":{"start":{"line":2,"column":15},"end":{"line":2,"column":38}},"2":{"start":{"line":4,"column":13},"end":{"line":4,"column":29}},"3":{"start":{"line":6,"column":12},"end":{"line":6,"column":54}},"4":{"start":{"line":8,"column":16},"end":{"line":8,"column":60}},"5":{"start":{"line":10,"column":21},"end":{"line":12,"column":2}},"6":{"start":{"line":14,"column":0},"end":{"line":25,"column":2}},"7":{"start":{"line":15,"column":2},"end":{"line":24,"column":3}},"8":{"start":{"line":16,"column":19},"end":{"line":16,"column":75}},"9":{"start":{"line":17,"column":4},"end":{"line":21,"column":5}},"10":{"start":{"line":18,"column":6},"end":{"line":18,"column":69}},"11":{"start":{"line":20,"column":6},"end":{"line":20,"column":36}},"12":{"start":{"line":23,"column":4},"end":{"line":23,"column":25}}},"fnMap":{"0":{"name":"(anonymous_0)","decl":{"start":{"line":14,"column":23},"end":{"line":14,"column":24}},"loc":{"start":{"line":14,"column":43},"end":{"line":25,"column":1}},"line":14}},"branchMap":{"0":{"loc":{"start":{"line":17,"column":4},"end":{"line":21,"column":5}},"type":"if","locations":[{"start":{"line":17,"column":4},"end":{"line":21,"column":5}},{"start":{"line":19,"column":11},"end":{"line":21,"column":5}}],"line":17}},"s":{"0":1,"1":1,"2":1,"3":1,"4":1,"5":1,"6":1,"7":1,"8":1,"9":1,"10":1,"11":0,"12":0},"f":{"0":1},"b":{"0":[1,0]},"_coverageSchema":"1a1c01bbd47fc00a2c39e90264f33305004495a9","hash":"eb35e70a88f31e0b4130d1ce4afa5d0ce292d4c7"}
}
